<?xml version="1.0" encoding="UTF-8" standalone="yes"?><!DOCTYPE report PUBLIC "-//JACOCO//DTD Report 1.1//EN" "report.dtd"><report name="demo"><sessioninfo id="LiorMain-a392a116" start="1767707376168" dump="1767707376560"/><package name="demo/src/main/java/com/example"><class name="demo/src/main/java/com/example/Main" sourcefilename="Main.java"><method name="&lt;init&gt;" desc="()V" line="2"><counter type="INSTRUCTION" missed="3" covered="0"/><counter type="LINE" missed="1" covered="0"/><counter type="COMPLEXITY" missed="1" covered="0"/><counter type="METHOD" missed="1" covered="0"/></method><method name="func1" desc="(III)I" line="4"><counter type="INSTRUCTION" missed="4" covered="20"/><counter type="BRANCH" missed="1" covered="5"/><counter type="LINE" missed="1" covered="4"/><counter type="COMPLEXITY" missed="1" covered="3"/><counter type="METHOD" missed="0" covered="1"/></method><method name="func2" desc="(FF)Ljava/lang/String;" line="12"><counter type="INSTRUCTION" missed="0" covered="27"/><counter type="BRANCH" missed="0" covered="2"/><counter type="LINE" missed="0" covered="4"/><counter type="COMPLEXITY" missed="0" covered="2"/><counter type="METHOD" missed="0" covered="1"/></method><method name="func3" desc="(I)Ljava/lang/String;" line="21"><counter type="INSTRUCTION" missed="14" covered="8"/><counter type="BRANCH" missed="0" covered="2"/><counter type="LINE" missed="2" covered="3"/><counter type="COMPLEXITY" missed="0" covered="2"/><counter type="METHOD" missed="0" covered="1"/></method><counter type="INSTRUCTION" missed="21" covered="55"/><counter type="BRANCH" missed="1" covered="9"/><counter type="LINE" missed="4" covered="11"/><counter type="COMPLEXITY" missed="2" covered="7"/><counter type="METHOD" missed="1" covered="3"/><counter type="CLASS" missed="0" covered="1"/></class><class name="demo/src/main/java/com/example/WeakClass" sourcefilename="WeakClass.java"><method name="&lt;init&gt;" desc="()V" line="2"><counter type="INSTRUCTION" missed="0" covered="3"/><counter type="LINE" missed="0" covered="1"/><counter type="COMPLEXITY" missed="0" covered="1"/><counter type="METHOD" missed="0" covered="1"/></method><method name="weakMethod" desc="(I)I" line="4"><counter type="INSTRUCTION" missed="0" covered="10"/><counter type="BRANCH" missed="0" covered="2"/><counter type="LINE" missed="0" covered="4"/><counter type="COMPLEXITY" missed="0" covered="2"/><counter type="METHOD" missed="0" covered="1"/></method><counter type="INSTRUCTION" missed="0" covered="13"/><counter type="BRANCH" missed="0" covered="2"/><counter type="LINE" missed="0" covered="5"/><counter type="COMPLEXITY" missed="0" covered="3"/><counter type="METHOD" missed="0" covered="2"/><counter type="CLASS" missed="0" covered="1"/></class><sourcefile name="Main.java"><line nr="2" mi="3" ci="0" mb="0" cb="0"/><line nr="4" mi="0" ci="2" mb="0" cb="0"/><line nr="5" mi="0" ci="12" mb="1" cb="5"/><line nr="6" mi="4" ci="0" mb="0" cb="0"/><line nr="8" mi="0" ci="4" mb="0" cb="0"/><line nr="9" mi="0" ci="2" mb="0" cb="0"/><line nr="12" mi="0" ci="4" mb="0" cb="2"/><line nr="13" mi="0" ci="4" mb="0" cb="0"/><line nr="16" mi="0" ci="4" mb="0" cb="0"/><line nr="18" mi="0" ci="15" mb="0" cb="0"/><line nr="21" mi="0" ci="2" mb="0" cb="0"/><line nr="22" mi="0" ci="2" mb="0" cb="2"/><line nr="23" mi="0" ci="4" mb="0" cb="0"/><line nr="25" mi="4" ci="0" mb="0" cb="0"/><line nr="27" mi="10" ci="0" mb="0" cb="0"/><counter type="INSTRUCTION" missed="21" covered="55"/><counter type="BRANCH" missed="1" covered="9"/><counter type="LINE" missed="4" covered="11"/><counter type="COMPLEXITY" missed="2" covered="7"/><counter type="METHOD" missed="1" covered="3"/><counter type="CLASS" missed="0" covered="1"/></sourcefile><sourcefile name="WeakClass.java"><line nr="2" mi="0" ci="3" mb="0" cb="0"/><line nr="4" mi="0" ci="2" mb="0" cb="0"/><line nr="5" mi="0" ci="2" mb="0" cb="2"/><line nr="6" mi="0" ci="2" mb="0" cb="0"/><line nr="8" mi="0" ci="4" mb="0" cb="0"/><counter type="INSTRUCTION" missed="0" covered="13"/><counter type="BRANCH" missed="0" covered="2"/><counter type="LINE" missed="0" covered="5"/><counter type="COMPLEXITY" missed="0" covered="3"/><counter type="METHOD" missed="0" covered="2"/><counter type="CLASS" missed="0" covered="1"/></sourcefile><counter type="INSTRUCTION" missed="21" covered="68"/><counter type="BRANCH" missed="1" covered="11"/><counter type="LINE" missed="4" covered="16"/><counter type="COMPLEXITY" missed="2" covered="10"/><counter type="METHOD" missed="1" covered="5"/><counter type="CLASS" missed="0" covered="2"/></package><counter type="INSTRUCTION" missed="21" covered="68"/><counter type="BRANCH" missed="1" covered="11"/><counter type="LINE" missed="4" covered="16"/><counter type="COMPLEXITY" missed="2" covered="10"/><counter type="METHOD" missed="1" covered="5"/><counter type="CLASS" missed="0" covered="2"/></report>